2024-06-13 02:47:21,271 INFO 
                Заголовок: Дело о крупнейших в истории России взятках поступило в суд в Балашихе
                Аннотация: В Балашихинский городской суд поступило уголовное дело против сотрудников Следственного комитета Марата Тамбиева и Кристины Ляховенко о получении взяток на рекордную сумму более $1,5 млн и 2718 биткоинов (7,3 млрд руб.).
                Автор: Нет автора
                Время публикации: 2024-06-13 02:33:45
                Тема: Общество
                Ссылка: https://www.rbc.ru/rbcfreenews/666a28f69a794785b6bf4d62?from=short_news
2024-06-13 02:47:21,424 INFO 
                Заголовок: США разрешили операции с Мосбиржей и НКЦ до 13 августа
                Аннотация: 
Минфин США разрешил операции с попавшими под санкции Мосбиржей, Национальным клиринговым центром и Национальным расчетным депозитарием до 13 августа

                Автор: Елена Чернышова
                Время публикации: 2024-06-13 01:31:23
                Тема: Политика
                Ссылка: https://www.rbc.ru/politics/13/06/2024/666a21ae9a7947b6479feab4?from=short_news
2024-06-13 02:47:22,094 INFO 
                Заголовок: Мосбиржа перенесла время запуска валютных торгов на фоне санкций США
                Аннотация: 12 июня Московская биржа подпала под блокирующие санкции США. Площадка объявила о том, что приостанавливает торги долларом и евро. Торги понедельника стартуют на три часа позже обычного времени
                Автор: Нет автора
                Время публикации: 2024-06-13 01:08:52
                Тема: Инвестиции
                Ссылка: https://quote.ru/news/article/666a1b159a7947497eb5743a?from=short_news
2024-06-13 02:47:22,221 INFO 
                Заголовок: ЦБ решил приостановить торги гонконгским долларом
                Аннотация: 
Накануне Мосбиржа объявила о приостановке с четверга торгов американским долларом и евро, после того как попала вместе с входящим в ее группу Национальным клиринговым центром попала под блокирующие санкции США

                Автор: Елена Чернышова
                Время публикации: 2024-06-13 00:48:47
                Тема: Финансы
                Ссылка: https://www.rbc.ru/finances/13/06/2024/666a17a29a79475d4fed1882?from=short_news
2024-06-13 02:47:22,358 INFO 
                Заголовок: США и Украина подпишут соглашение о безопасности на саммите G7 в Италии
                Аннотация: 
Соглашение будет включать в себя обязательство работать с конгрессом над будущим финансированием Киева, но не будет содержать обязательств по отправке американских войск на Украину, пояснил Салливан

                Автор: Елена Чернышова
                Время публикации: 2024-06-13 00:39:45
                Тема: Политика
                Ссылка: https://www.rbc.ru/politics/13/06/2024/666a10f29a794750df542a6a?from=short_news
2024-06-13 02:47:22,597 INFO 
                Заголовок: Новые санкции США против IT-сектора. На кого и как они повлияют в России
                Аннотация: 
США вводит ряд новых ограничений «для прекращения зависимости» российского ВПК от иностранного IT-сектора. Но эксперты не исключают и влияния на обычных пользователей

                Автор: Анна Балашова, 
                Время публикации: 2024-06-13 00:00:05
                Тема: Технологии и медиа
                Ссылка: https://www.rbc.ru/technology_and_media/13/06/2024/6669f0819a7947031a588732?from=short_news
2024-06-13 03:17:23,356 INFO 
                Заголовок: США сообщили о повреждении греческого судна после атаки хуситов
                Аннотация: Хуситы атаковали в Красном море греческое судно, которое недавно останавливалось в России, сообщило Центральное командование Вооруженных сил США (CENTCOM) в соцсети X (ранее Twitter).
                Автор: Нет автора
                Время публикации: 2024-06-13 03:10:07
                Тема: Политика
                Ссылка: https://www.rbc.ru/rbcfreenews/666a33379a794760f62efd3c?from=short_news
2024-06-13 03:17:23,549 INFO 
                Заголовок: Дело о крупнейших в истории России взятках поступило в суд в Балашихе
                Аннотация: В Балашихинский городской суд поступило уголовное дело против сотрудников Следственного комитета Марата Тамбиева и Кристины Ляховенко о получении взяток на рекордную сумму более $1,5 млн и 2718 биткоинов (7,3 млрд руб.).
                Автор: Нет автора
                Время публикации: 2024-06-13 02:33:45
                Тема: Общество
                Ссылка: https://www.rbc.ru/rbcfreenews/666a28f69a794785b6bf4d62?from=short_news
2024-06-13 03:17:23,784 INFO 
                Заголовок: США разрешили операции с Мосбиржей и НКЦ до 13 августа
                Аннотация: 
Минфин США разрешил операции с попавшими под санкции Мосбиржей, Национальным клиринговым центром и Национальным расчетным депозитарием до 13 августа

                Автор: Елена Чернышова
                Время публикации: 2024-06-13 01:31:23
                Тема: Политика
                Ссылка: https://www.rbc.ru/politics/13/06/2024/666a21ae9a7947b6479feab4?from=short_news
2024-06-13 03:17:25,588 INFO 
                Заголовок: Мосбиржа перенесла время запуска валютных торгов на фоне санкций США
                Аннотация: 12 июня Московская биржа подпала под блокирующие санкции США. Площадка объявила о том, что приостанавливает торги долларом и евро. Торги понедельника стартуют на три часа позже обычного времени
                Автор: Нет автора
                Время публикации: 2024-06-13 01:08:52
                Тема: Инвестиции
                Ссылка: https://quote.ru/news/article/666a1b159a7947497eb5743a?from=short_news
2024-06-13 03:17:25,862 INFO 
                Заголовок: ЦБ решил приостановить торги гонконгским долларом
                Аннотация: 
Накануне Мосбиржа объявила о приостановке с четверга торгов американским долларом и евро, после того как попала вместе с входящим в ее группу Национальным клиринговым центром попала под блокирующие санкции США

                Автор: Елена Чернышова
                Время публикации: 2024-06-13 00:48:47
                Тема: Финансы
                Ссылка: https://www.rbc.ru/finances/13/06/2024/666a17a29a79475d4fed1882?from=short_news
2024-06-13 03:17:26,056 INFO 
                Заголовок: США и Украина подпишут соглашение о безопасности на саммите G7 в Италии
                Аннотация: 
Соглашение будет включать в себя обязательство работать с конгрессом над будущим финансированием Киева, но не будет содержать обязательств по отправке американских войск на Украину, пояснил Салливан

                Автор: Елена Чернышова
                Время публикации: 2024-06-13 00:39:45
                Тема: Политика
                Ссылка: https://www.rbc.ru/politics/13/06/2024/666a10f29a794750df542a6a?from=short_news
2024-06-13 03:17:26,371 INFO 
                Заголовок: Новые санкции США против IT-сектора. На кого и как они повлияют в России
                Аннотация: 
США вводит ряд новых ограничений «для прекращения зависимости» российского ВПК от иностранного IT-сектора. Но эксперты не исключают и влияния на обычных пользователей

                Автор: Анна Балашова, 
                Время публикации: 2024-06-13 00:00:05
                Тема: Технологии и медиа
                Ссылка: https://www.rbc.ru/technology_and_media/13/06/2024/6669f0819a7947031a588732?from=short_news
2024-06-13 03:32:26,763 INFO 
                Заголовок: США сообщили о повреждении греческого судна после атаки хуситов
                Аннотация: Хуситы атаковали в Красном море греческое судно, которое недавно останавливалось в России, сообщило Центральное командование Вооруженных сил США (CENTCOM) в соцсети X (ранее Twitter).
                Автор: Нет автора
                Время публикации: 2024-06-13 03:10:07
                Тема: Политика
                Ссылка: https://www.rbc.ru/rbcfreenews/666a33379a794760f62efd3c?from=short_news
2024-06-13 03:32:26,877 INFO 
                Заголовок: Дело о крупнейших в истории России взятках поступило в суд в Балашихе
                Аннотация: В Балашихинский городской суд поступило уголовное дело против сотрудников Следственного комитета Марата Тамбиева и Кристины Ляховенко о получении взяток на рекордную сумму более $1,5 млн и 2718 биткоинов (7,3 млрд руб.).
                Автор: Нет автора
                Время публикации: 2024-06-13 02:33:45
                Тема: Общество
                Ссылка: https://www.rbc.ru/rbcfreenews/666a28f69a794785b6bf4d62?from=short_news
2024-06-13 03:32:27,113 INFO 
                Заголовок: США разрешили операции с Мосбиржей и НКЦ до 13 августа
                Аннотация: 
Минфин США разрешил операции с попавшими под санкции Мосбиржей, Национальным клиринговым центром и Национальным расчетным депозитарием до 13 августа

                Автор: Елена Чернышова
                Время публикации: 2024-06-13 01:31:23
                Тема: Политика
                Ссылка: https://www.rbc.ru/politics/13/06/2024/666a21ae9a7947b6479feab4?from=short_news
2024-06-13 03:32:27,455 INFO 
                Заголовок: Мосбиржа перенесла время запуска валютных торгов на фоне санкций США
                Аннотация: 12 июня Московская биржа подпала под блокирующие санкции США. Площадка объявила о том, что приостанавливает торги долларом и евро. Торги понедельника стартуют на три часа позже обычного времени
                Автор: Нет автора
                Время публикации: 2024-06-13 01:08:52
                Тема: Инвестиции
                Ссылка: https://quote.ru/news/article/666a1b159a7947497eb5743a?from=short_news
2024-06-13 03:32:27,636 INFO 
                Заголовок: ЦБ решил приостановить торги гонконгским долларом
                Аннотация: 
Накануне Мосбиржа объявила о приостановке с четверга торгов американским долларом и евро, после того как попала вместе с входящим в ее группу Национальным клиринговым центром попала под блокирующие санкции США

                Автор: Елена Чернышова
                Время публикации: 2024-06-13 00:48:47
                Тема: Финансы
                Ссылка: https://www.rbc.ru/finances/13/06/2024/666a17a29a79475d4fed1882?from=short_news
2024-06-13 03:32:27,942 INFO 
                Заголовок: США и Украина подпишут соглашение о безопасности на саммите G7 в Италии
                Аннотация: 
Соглашение будет включать в себя обязательство работать с конгрессом над будущим финансированием Киева, но не будет содержать обязательств по отправке американских войск на Украину, пояснил Салливан

                Автор: Елена Чернышова
                Время публикации: 2024-06-13 00:39:45
                Тема: Политика
                Ссылка: https://www.rbc.ru/politics/13/06/2024/666a10f29a794750df542a6a?from=short_news
2024-06-13 04:02:28,680 INFO 
                Заголовок: Антонов прокомментировал новые санкции США
                Аннотация: Россия открыта к равноправному диалогу с США, однако на навязываемую ей конфронтацию ответит, заявил российский посол в Вашингтоне Анатолий Антонов, передает ТАСС.
                Автор: Нет автора
                Время публикации: 2024-06-13 03:51:51
                Тема: Политика
                Ссылка: https://www.rbc.ru/rbcfreenews/666a3dfc9a7947ec049d50a1?from=short_news
2024-06-13 04:02:28,849 INFO 
                Заголовок: США сообщили о повреждении греческого судна после атаки хуситов
                Аннотация: Хуситы атаковали в Красном море греческое судно, которое недавно останавливалось в России, сообщило Центральное командование Вооруженных сил США (CENTCOM) в соцсети X (ранее Twitter).
                Автор: Нет автора
                Время публикации: 2024-06-13 03:10:07
                Тема: Политика
                Ссылка: https://www.rbc.ru/rbcfreenews/666a33379a794760f62efd3c?from=short_news
2024-06-13 04:02:29,075 INFO 
                Заголовок: Дело о крупнейших в истории России взятках поступило в суд в Балашихе
                Аннотация: В Балашихинский городской суд поступило уголовное дело против сотрудников Следственного комитета Марата Тамбиева и Кристины Ляховенко о получении взяток на рекордную сумму более $1,5 млн и 2718 биткоинов (7,3 млрд руб.).
                Автор: Нет автора
                Время публикации: 2024-06-13 02:33:45
                Тема: Общество
                Ссылка: https://www.rbc.ru/rbcfreenews/666a28f69a794785b6bf4d62?from=short_news
2024-06-13 04:02:29,278 INFO 
                Заголовок: США разрешили операции с Мосбиржей и НКЦ до 13 августа
                Аннотация: 
Минфин США разрешил операции с попавшими под санкции Мосбиржей, Национальным клиринговым центром и Национальным расчетным депозитарием до 13 августа

                Автор: Елена Чернышова
                Время публикации: 2024-06-13 01:31:23
                Тема: Политика
                Ссылка: https://www.rbc.ru/politics/13/06/2024/666a21ae9a7947b6479feab4?from=short_news
2024-06-13 04:02:30,856 INFO 
                Заголовок: Мосбиржа перенесла время запуска валютных торгов на фоне санкций США
                Аннотация: 12 июня Московская биржа подпала под блокирующие санкции США. Площадка объявила о том, что приостанавливает торги долларом и евро. Торги понедельника стартуют на три часа позже обычного времени
                Автор: Нет автора
                Время публикации: 2024-06-13 01:08:52
                Тема: Инвестиции
                Ссылка: https://quote.ru/news/article/666a1b159a7947497eb5743a?from=short_news
2024-06-13 04:02:31,020 INFO 
                Заголовок: ЦБ решил приостановить торги гонконгским долларом
                Аннотация: 
Накануне Мосбиржа объявила о приостановке с четверга торгов американским долларом и евро, после того как попала вместе с входящим в ее группу Национальным клиринговым центром попала под блокирующие санкции США

                Автор: Елена Чернышова
                Время публикации: 2024-06-13 00:48:47
                Тема: Финансы
                Ссылка: https://www.rbc.ru/finances/13/06/2024/666a17a29a79475d4fed1882?from=short_news
2024-06-13 04:02:31,211 INFO 
                Заголовок: США и Украина подпишут соглашение о безопасности на саммите G7 в Италии
                Аннотация: 
Соглашение будет включать в себя обязательство работать с конгрессом над будущим финансированием Киева, но не будет содержать обязательств по отправке американских войск на Украину, пояснил Салливан

                Автор: Елена Чернышова
                Время публикации: 2024-06-13 00:39:45
                Тема: Политика
                Ссылка: https://www.rbc.ru/politics/13/06/2024/666a10f29a794750df542a6a?from=short_news
2024-06-13 04:32:31,743 INFO 
                Заголовок: Антонов пообещал «решительный» ответ России на новые санкции США
                Аннотация: Россия открыта к равноправному диалогу с США, однако на навязываемую ей конфронтацию ответит, заявил российский посол в Вашингтоне Анатолий Антонов, передает ТАСС.
                Автор: Нет автора
                Время публикации: 2024-06-13 03:51:51
                Тема: Политика
                Ссылка: https://www.rbc.ru/rbcfreenews/666a3dfc9a7947ec049d50a1?from=short_news
2024-06-13 04:32:32,095 INFO 
                Заголовок: США сообщили о повреждении греческого судна после атаки хуситов
                Аннотация: Хуситы атаковали в Красном море греческое судно, которое недавно останавливалось в России, сообщило Центральное командование Вооруженных сил США (CENTCOM) в соцсети X (ранее Twitter).
                Автор: Нет автора
                Время публикации: 2024-06-13 03:10:07
                Тема: Политика
                Ссылка: https://www.rbc.ru/rbcfreenews/666a33379a794760f62efd3c?from=short_news
2024-06-13 04:32:32,308 INFO 
                Заголовок: Дело о крупнейших в истории России взятках поступило в суд в Балашихе
                Аннотация: В Балашихинский городской суд поступило уголовное дело против сотрудников Следственного комитета Марата Тамбиева и Кристины Ляховенко о получении взяток на рекордную сумму более $1,5 млн и 2718 биткоинов (7,3 млрд руб.).
                Автор: Нет автора
                Время публикации: 2024-06-13 02:33:45
                Тема: Общество
                Ссылка: https://www.rbc.ru/rbcfreenews/666a28f69a794785b6bf4d62?from=short_news
2024-06-13 04:32:32,573 INFO 
                Заголовок: США разрешили операции с Мосбиржей и НКЦ до 13 августа
                Аннотация: 
Минфин США разрешил операции с попавшими под санкции Мосбиржей, Национальным клиринговым центром и Национальным расчетным депозитарием до 13 августа

                Автор: Елена Чернышова
                Время публикации: 2024-06-13 01:31:23
                Тема: Политика
                Ссылка: https://www.rbc.ru/politics/13/06/2024/666a21ae9a7947b6479feab4?from=short_news
2024-06-13 04:32:34,098 INFO 
                Заголовок: Мосбиржа перенесла время запуска валютных торгов на фоне санкций США
                Аннотация: 12 июня Московская биржа подпала под блокирующие санкции США. Площадка объявила о том, что приостанавливает торги долларом и евро. Торги понедельника стартуют на три часа позже обычного времени
                Автор: Нет автора
                Время публикации: 2024-06-13 01:08:52
                Тема: Инвестиции
                Ссылка: https://quote.ru/news/article/666a1b159a7947497eb5743a?from=short_news
2024-06-13 04:32:34,283 INFO 
                Заголовок: ЦБ решил приостановить торги гонконгским долларом
                Аннотация: 
Накануне Мосбиржа объявила о приостановке с четверга торгов американским долларом и евро, после того как попала вместе с входящим в ее группу Национальным клиринговым центром попала под блокирующие санкции США

                Автор: Елена Чернышова
                Время публикации: 2024-06-13 00:48:47
                Тема: Финансы
                Ссылка: https://www.rbc.ru/finances/13/06/2024/666a17a29a79475d4fed1882?from=short_news
2024-06-13 04:32:34,452 INFO 
                Заголовок: США и Украина подпишут соглашение о безопасности на саммите G7 в Италии
                Аннотация: 
Соглашение будет включать в себя обязательство работать с конгрессом над будущим финансированием Киева, но не будет содержать обязательств по отправке американских войск на Украину, пояснил Салливан

                Автор: Елена Чернышова
                Время публикации: 2024-06-13 00:39:45
                Тема: Политика
                Ссылка: https://www.rbc.ru/politics/13/06/2024/666a10f29a794750df542a6a?from=short_news
2024-06-13 05:32:35,391 INFO 
                Заголовок: Антонов пообещал «решительный» ответ России на новые санкции США
                Аннотация: Россия открыта к равноправному диалогу с США, однако на навязываемую ей конфронтацию ответит, заявил российский посол в Вашингтоне Анатолий Антонов, передает ТАСС.
                Автор: Нет автора
                Время публикации: 2024-06-13 03:51:51
                Тема: Политика
                Ссылка: https://www.rbc.ru/rbcfreenews/666a3dfc9a7947ec049d50a1?from=short_news
2024-06-13 05:32:35,669 INFO 
                Заголовок: США сообщили о повреждении греческого судна после атаки хуситов
                Аннотация: Хуситы атаковали в Красном море греческое судно, которое недавно останавливалось в России, сообщило Центральное командование Вооруженных сил США (CENTCOM) в соцсети X (ранее Twitter).
                Автор: Нет автора
                Время публикации: 2024-06-13 03:10:07
                Тема: Политика
                Ссылка: https://www.rbc.ru/rbcfreenews/666a33379a794760f62efd3c?from=short_news
2024-06-13 05:32:35,840 INFO 
                Заголовок: Дело о крупнейших в истории России взятках поступило в суд в Балашихе
                Аннотация: В Балашихинский городской суд поступило уголовное дело против сотрудников Следственного комитета Марата Тамбиева и Кристины Ляховенко о получении взяток на рекордную сумму более $1,5 млн и 2718 биткоинов (7,3 млрд руб.).
                Автор: Нет автора
                Время публикации: 2024-06-13 02:33:45
                Тема: Общество
                Ссылка: https://www.rbc.ru/rbcfreenews/666a28f69a794785b6bf4d62?from=short_news
2024-06-13 05:32:36,016 INFO 
                Заголовок: США разрешили операции с Мосбиржей и НКЦ до 13 августа
                Аннотация: 
Минфин США разрешил операции с попавшими под санкции Мосбиржей, Национальным клиринговым центром и Национальным расчетным депозитарием до 13 августа

                Автор: Елена Чернышова
                Время публикации: 2024-06-13 01:31:23
                Тема: Политика
                Ссылка: https://www.rbc.ru/politics/13/06/2024/666a21ae9a7947b6479feab4?from=short_news
2024-06-13 05:32:36,858 INFO 
                Заголовок: Мосбиржа перенесла время запуска валютных торгов на фоне санкций США
                Аннотация: 12 июня Московская биржа подпала под блокирующие санкции США. Площадка объявила о том, что приостанавливает торги долларом и евро. Торги понедельника стартуют на три часа позже обычного времени
                Автор: Нет автора
                Время публикации: 2024-06-13 01:08:52
                Тема: Инвестиции
                Ссылка: https://quote.ru/news/article/666a1b159a7947497eb5743a?from=short_news
2024-06-13 05:32:37,102 INFO 
                Заголовок: ЦБ решил приостановить торги гонконгским долларом
                Аннотация: 
Накануне Мосбиржа объявила о приостановке с четверга торгов американским долларом и евро, после того как попала вместе с входящим в ее группу Национальным клиринговым центром попала под блокирующие санкции США

                Автор: Елена Чернышова
                Время публикации: 2024-06-13 00:48:47
                Тема: Финансы
                Ссылка: https://www.rbc.ru/finances/13/06/2024/666a17a29a79475d4fed1882?from=short_news
2024-06-13 06:02:37,698 INFO 
                Заголовок: Антонов пообещал «решительный» ответ России на новые санкции США
                Аннотация: Россия открыта к равноправному диалогу с США, однако на навязываемую ей конфронтацию ответит, заявил российский посол в Вашингтоне Анатолий Антонов, передает ТАСС.
                Автор: Нет автора
                Время публикации: 2024-06-13 03:51:51
                Тема: Политика
                Ссылка: https://www.rbc.ru/rbcfreenews/666a3dfc9a7947ec049d50a1?from=short_news
2024-06-13 06:02:37,882 INFO 
                Заголовок: США сообщили о повреждении греческого судна после атаки хуситов
                Аннотация: Хуситы атаковали в Красном море греческое судно, которое недавно останавливалось в России, сообщило Центральное командование Вооруженных сил США (CENTCOM) в соцсети X (ранее Twitter).
                Автор: Нет автора
                Время публикации: 2024-06-13 03:10:07
                Тема: Политика
                Ссылка: https://www.rbc.ru/rbcfreenews/666a33379a794760f62efd3c?from=short_news
2024-06-13 06:02:38,052 INFO 
                Заголовок: Дело о крупнейших в истории России взятках поступило в суд в Балашихе
                Аннотация: В Балашихинский городской суд поступило уголовное дело против сотрудников Следственного комитета Марата Тамбиева и Кристины Ляховенко о получении взяток на рекордную сумму более $1,5 млн и 2718 биткоинов (7,3 млрд руб.).
                Автор: Нет автора
                Время публикации: 2024-06-13 02:33:45
                Тема: Общество
                Ссылка: https://www.rbc.ru/rbcfreenews/666a28f69a794785b6bf4d62?from=short_news
2024-06-13 06:02:38,225 INFO 
                Заголовок: США разрешили операции с Мосбиржей и НКЦ до 13 августа
                Аннотация: 
Минфин США разрешил операции с попавшими под санкции Мосбиржей, Национальным клиринговым центром и Национальным расчетным депозитарием до 13 августа

                Автор: Елена Чернышова
                Время публикации: 2024-06-13 01:31:23
                Тема: Политика
                Ссылка: https://www.rbc.ru/politics/13/06/2024/666a21ae9a7947b6479feab4?from=short_news
2024-06-13 06:02:38,462 INFO 
                Заголовок: Мосбиржа перенесла время запуска валютных торгов на фоне санкций США
                Аннотация: 12 июня Московская биржа подпала под блокирующие санкции США. Площадка объявила о том, что приостанавливает торги долларом и евро. Торги понедельника стартуют на три часа позже обычного времени
                Автор: Нет автора
                Время публикации: 2024-06-13 01:08:52
                Тема: Инвестиции
                Ссылка: https://quote.ru/news/article/666a1b159a7947497eb5743a?from=short_news
2024-06-13 06:17:38,837 INFO 
                Заголовок: Антонов пообещал «решительный» ответ России на новые санкции США
                Аннотация: Россия открыта к равноправному диалогу с США, однако на навязываемую ей конфронтацию ответит, заявил российский посол в Вашингтоне Анатолий Антонов, передает ТАСС.
                Автор: Нет автора
                Время публикации: 2024-06-13 03:51:51
                Тема: Политика
                Ссылка: https://www.rbc.ru/rbcfreenews/666a3dfc9a7947ec049d50a1?from=short_news
2024-06-13 06:17:39,068 INFO 
                Заголовок: США сообщили о повреждении греческого судна после атаки хуситов
                Аннотация: Хуситы атаковали в Красном море греческое судно, которое недавно останавливалось в России, сообщило Центральное командование Вооруженных сил США (CENTCOM) в соцсети X (ранее Twitter).
                Автор: Нет автора
                Время публикации: 2024-06-13 03:10:07
                Тема: Политика
                Ссылка: https://www.rbc.ru/rbcfreenews/666a33379a794760f62efd3c?from=short_news
2024-06-13 06:17:39,250 INFO 
                Заголовок: Дело о крупнейших в истории России взятках поступило в суд в Балашихе
                Аннотация: В Балашихинский городской суд поступило уголовное дело против сотрудников Следственного комитета Марата Тамбиева и Кристины Ляховенко о получении взяток на рекордную сумму более $1,5 млн и 2718 биткоинов (7,3 млрд руб.).
                Автор: Нет автора
                Время публикации: 2024-06-13 02:33:45
                Тема: Общество
                Ссылка: https://www.rbc.ru/rbcfreenews/666a28f69a794785b6bf4d62?from=short_news
2024-06-13 06:17:39,451 INFO 
                Заголовок: США разрешили операции с Мосбиржей и НКЦ до 13 августа
                Аннотация: 
Минфин США разрешил операции с попавшими под санкции Мосбиржей, Национальным клиринговым центром и Национальным расчетным депозитарием до 13 августа

                Автор: Елена Чернышова
                Время публикации: 2024-06-13 01:31:23
                Тема: Политика
                Ссылка: https://www.rbc.ru/politics/13/06/2024/666a21ae9a7947b6479feab4?from=short_news
2024-06-13 06:32:39,732 INFO 
                Заголовок: Антонов пообещал «решительный» ответ России на новые санкции США
                Аннотация: Россия открыта к равноправному диалогу с США, однако на навязываемую ей конфронтацию ответит, заявил российский посол в Вашингтоне Анатолий Антонов, передает ТАСС.
                Автор: Нет автора
                Время публикации: 2024-06-13 03:51:51
                Тема: Политика
                Ссылка: https://www.rbc.ru/rbcfreenews/666a3dfc9a7947ec049d50a1?from=short_news
2024-06-13 06:32:39,921 INFO 
                Заголовок: США сообщили о повреждении греческого судна после атаки хуситов
                Аннотация: Хуситы атаковали в Красном море греческое судно, которое недавно останавливалось в России, сообщило Центральное командование Вооруженных сил США (CENTCOM) в соцсети X (ранее Twitter).
                Автор: Нет автора
                Время публикации: 2024-06-13 03:10:07
                Тема: Политика
                Ссылка: https://www.rbc.ru/rbcfreenews/666a33379a794760f62efd3c?from=short_news
2024-06-13 06:32:40,053 INFO 
                Заголовок: Дело о крупнейших в истории России взятках поступило в суд в Балашихе
                Аннотация: В Балашихинский городской суд поступило уголовное дело против сотрудников Следственного комитета Марата Тамбиева и Кристины Ляховенко о получении взяток на рекордную сумму более $1,5 млн и 2718 биткоинов (7,3 млрд руб.).
                Автор: Нет автора
                Время публикации: 2024-06-13 02:33:45
                Тема: Общество
                Ссылка: https://www.rbc.ru/rbcfreenews/666a28f69a794785b6bf4d62?from=short_news
